{
  "RSpec": {
    "coverage": {
      "/Users/alexislaporte/Desktop/DBC/phase-3/matt-soloflow/app/models/question.rb": [
        1,
        1,
        1,
        1,
        1,
        1,
        1,
        null,
        1,
        null,
        1,
        null,
        null,
        null,
        1,
        4,
        null,
        null,
        1,
        4,
        null,
        null
      ],
      "/Users/alexislaporte/Desktop/DBC/phase-3/matt-soloflow/app/models/user.rb": [
        1,
        1,
        1,
        1,
        1,
        1,
        1,
        1,
        null,
        1,
        1,
        null,
        null,
        null
      ],
      "/Users/alexislaporte/Desktop/DBC/phase-3/matt-soloflow/app/controllers/questions_controller.rb": [
        1,
        null,
        1,
        4,
        null,
        null,
        1,
        0,
        null,
        null,
        1,
        0,
        0,
        0,
        0,
        0,
        0,
        0,
        0,
        null,
        null,
        0,
        null,
        0,
        null,
        null,
        null,
        1,
        0,
        0,
        0,
        0,
        null,
        null,
        1,
        null,
        1,
        0,
        null,
        null,
        1,
        0,
        null,
        null
      ],
      "/Users/alexislaporte/Desktop/DBC/phase-3/matt-soloflow/app/controllers/application_controller.rb": [
        1,
        null,
        null,
        1,
        null,
        1,
        9,
        null,
        null,
        1,
        9,
        null,
        null,
        1,
        0,
        null,
        null,
        null,
        1,
        null
      ],
      "/Users/alexislaporte/Desktop/DBC/phase-3/matt-soloflow/app/models/vote.rb": [
        1,
        1,
        1,
        null,
        null,
        null,
        1,
        0,
        0,
        null,
        0,
        null,
        null,
        null
      ],
      "/Users/alexislaporte/Desktop/DBC/phase-3/matt-soloflow/app/models/answer.rb": [
        1,
        1,
        1,
        1,
        1,
        null,
        1,
        null,
        1,
        0,
        null,
        null,
        1,
        0,
        null,
        null
      ],
      "/Users/alexislaporte/Desktop/DBC/phase-3/matt-soloflow/app/controllers/tags_controller.rb": [
        1,
        1,
        1,
        null,
        null,
        1,
        0,
        0,
        null,
        null
      ],
      "/Users/alexislaporte/Desktop/DBC/phase-3/matt-soloflow/app/models/tag.rb": [
        1,
        1,
        1,
        null,
        1,
        null,
        1,
        0,
        null,
        null
      ]
    },
    "timestamp": 1447607580
  }
}
